<?xml version="1.0" encoding="UTF-8"?>
<testng-results ignored="0" total="1" passed="1" failed="0" skipped="0">
  <reporter-output>
  </reporter-output>
  <suite started-at="2026-02-26T21:18:15 SAST" name="Surefire suite" finished-at="2026-02-26T21:18:46 SAST" duration-ms="31436">
    <groups>
    </groups>
    <test started-at="2026-02-26T21:18:15 SAST" name="Surefire test" finished-at="2026-02-26T21:18:46 SAST" duration-ms="31436">
      <class name="SortToolsTest">
        <test-method signature="SortFunctionality()[pri:0, instance:SortToolsTest@3d3fcdb0]" started-at="2026-02-26T21:18:15 SAST" name="SortFunctionality" finished-at="2026-02-26T21:18:46 SAST" duration-ms="31399" status="PASS">
          <reporter-output>
          </reporter-output>
        </test-method> <!-- SortFunctionality -->
      </class> <!-- SortToolsTest -->
    </test> <!-- Surefire test -->
  </suite> <!-- Surefire suite -->
</testng-results>
