<?xml version="1.0" encoding="UTF-8"?>
<testsuite xmlns:xsi="http://www.w3.org/2001/XMLSchema-instance" xsi:noNamespaceSchemaLocation="https://maven.apache.org/surefire/maven-surefire-plugin/xsd/surefire-test-report-3.0.xsd" version="3.0" name="SortToolsTest" time="31.858" tests="1" errors="0" skipped="0" failures="0">
  <properties>
[...]
</properties>
  <testcase name="SortFunctionality" classname="SortToolsTest" time="31.4">
    <system-out><![CDATA[The total cards are: 8
All tools: [Adjustable Wrench, Angled Spanner, Belt Sander, Bolt Cutters, Chisels Set, Circular Saw, Claw Hammer, Claw Hammer with Fiberglass Handle, Claw Hammer with Shock Reduction Grip]
The total desc: 9
All tools: [Wood Saw, Wood Carving Chisels, Washers, Tool Cabinet, Thor Hammer, Tape Measure 7.5m, Tape Measure 5m, Swiss Woodcarving Chisels, Super-thin Protection Gloves]
]]></system-out>
    <system-err><![CDATA[SLF4J(W): No SLF4J providers were found.
SLF4J(W): Defaulting to no-operation (NOP) logger implementation
SLF4J(W): See https://www.slf4j.org/codes.html#noProviders for further details.
]]></system-err>
  </testcase>
</testsuite>